  viewcontroller.cpp
c:\users\shiniko\documents\college\college\comp 153 graphics\assignment7\graphicsassignment7\lab15\model.h(82): warning C4244: 'return': conversion from 'double' to 'float', possible loss of data
c:\users\shiniko\documents\college\college\comp 153 graphics\assignment7\graphicsassignment7\lab15\viewcontroller.cpp(227): warning C4244: 'argument': conversion from 'double' to 'int', possible loss of data
c:\users\shiniko\documents\college\college\comp 153 graphics\assignment7\graphicsassignment7\lab15\viewcontroller.cpp(248): warning C4244: '+=': conversion from 'double' to 'T', possible loss of data
          with
          [
              T=float
          ]
c:\users\shiniko\documents\college\college\comp 153 graphics\assignment7\graphicsassignment7\lab15\viewcontroller.cpp(249): warning C4244: '+=': conversion from 'double' to 'T', possible loss of data
          with
          [
              T=float
          ]
c:\users\shiniko\documents\college\college\comp 153 graphics\assignment7\graphicsassignment7\lab15\viewcontroller.cpp(254): warning C4244: '+=': conversion from 'double' to 'T', possible loss of data
          with
          [
              T=float
          ]
c:\users\shiniko\documents\college\college\comp 153 graphics\assignment7\graphicsassignment7\lab15\viewcontroller.cpp(255): warning C4244: '+=': conversion from 'double' to 'T', possible loss of data
          with
          [
              T=float
          ]
c:\users\shiniko\documents\college\college\comp 153 graphics\assignment7\graphicsassignment7\lab15\viewcontroller.cpp(408): warning C4244: '=': conversion from 'double' to 'T', possible loss of data
          with
          [
              T=float
          ]
c:\users\shiniko\documents\college\college\comp 153 graphics\assignment7\graphicsassignment7\lab15\viewcontroller.cpp(409): warning C4244: '=': conversion from 'double' to 'T', possible loss of data
          with
          [
              T=float
          ]
c:\users\shiniko\documents\college\college\comp 153 graphics\assignment7\graphicsassignment7\lab15\viewcontroller.cpp(410): warning C4244: '=': conversion from 'double' to 'T', possible loss of data
          with
          [
              T=float
          ]
c:\users\shiniko\documents\college\college\comp 153 graphics\assignment7\graphicsassignment7\lab15\viewcontroller.cpp(439): warning C4244: 'argument': conversion from 'double' to 'int', possible loss of data
  Lab15.vcxproj -> C:\Users\Shiniko\Documents\College\COLLEGE\Comp 153 Graphics\Assignment7\GraphicsAssignment7\Debug\Lab15.exe
